# JRE version: Java(TM) SE Runtime Environment (8.0_25-b18) (build 1.8.0_25-b18)
# Java VM: Java HotSpot(TM) 64-Bit Server VM (25.25-b02 mixed mode windows-amd64 compressed oops)
Heap:
 PSYoungGen      total 38400K, used 29486K [0x00000000d5700000, 0x00000000db300000, 0x0000000100000000)
  eden space 33280K, 73% used [0x00000000d5700000,0x00000000d6ed21e0,0x00000000d7780000)
  from space 5120K, 99% used [0x00000000d7780000,0x00000000d7c79788,0x00000000d7c80000)
  to   space 13824K, 0% used [0x00000000da580000,0x00000000da580000,0x00000000db300000)
 ParOldGen       total 87552K, used 12207K [0x0000000080400000, 0x0000000085980000, 0x00000000d5700000)
  object space 87552K, 13% used [0x0000000080400000,0x0000000080febd10,0x0000000085980000)
 Metaspace       used 9832K, capacity 9992K, committed 10112K, reserved 1058816K
  class space    used 841K, capacity 890K, committed 896K, reserved 1048576K
GC Heap History (10 events):
Event: 1.257 GC heap before
{Heap before GC invocations=1 (full 0):
 PSYoungGen      total 38400K, used 32148K [0x00000000d5700000, 0x00000000d8180000, 0x0000000100000000)
  eden space 33280K, 96% used [0x00000000d5700000,0x00000000d7665158,0x00000000d7780000)
  from space 5120K, 0% used [0x00000000d7c80000,0x00000000d7c80000,0x00000000d8180000)
  to   space 5120K, 0% used [0x00000000d7780000,0x00000000d7780000,0x00000000d7c80000)
 ParOldGen       total 87552K, used 0K [0x0000000080400000, 0x0000000085980000, 0x00000000d5700000)
  object space 87552K, 0% used [0x0000000080400000,0x0000000080400000,0x0000000085980000)
 Metaspace       used 9580K, capacity 9768K, committed 10112K, reserved 1058816K
  class space    used 823K, capacity 858K, committed 896K, reserved 1048576K
Event: 1.264 GC heap after
Heap after GC invocations=1 (full 0):
 PSYoungGen      total 38400K, used 3934K [0x00000000d5700000, 0x00000000d8180000, 0x0000000100000000)
  eden space 33280K, 0% used [0x00000000d5700000,0x00000000d5700000,0x00000000d7780000)
  from space 5120K, 76% used [0x00000000d7780000,0x00000000d7b57b70,0x00000000d7c80000)
  to   space 5120K, 0% used [0x00000000d7c80000,0x00000000d7c80000,0x00000000d8180000)
 ParOldGen       total 87552K, used 16K [0x0000000080400000, 0x0000000085980000, 0x00000000d5700000)
  object space 87552K, 0% used [0x0000000080400000,0x0000000080404000,0x0000000085980000)
 Metaspace       used 9580K, capacity 9768K, committed 10112K, reserved 1058816K
  class space    used 823K, capacity 858K, committed 896K, reserved 1048576K
}
Event: 1.835 GC heap before
{Heap before GC invocations=2 (full 0):
 PSYoungGen      total 38400K, used 35336K [0x00000000d5700000, 0x00000000d8180000, 0x0000000100000000)
  eden space 33280K, 94% used [0x00000000d5700000,0x00000000d75aa6e0,0x00000000d7780000)
  from space 5120K, 76% used [0x00000000d7780000,0x00000000d7b57b70,0x00000000d7c80000)
  to   space 5120K, 0% used [0x00000000d7c80000,0x00000000d7c80000,0x00000000d8180000)
 ParOldGen       total 87552K, used 16K [0x0000000080400000, 0x0000000085980000, 0x00000000d5700000)
  object space 87552K, 0% used [0x0000000080400000,0x0000000080404000,0x0000000085980000)
 Metaspace       used 9590K, capacity 9768K, committed 10112K, reserved 1058816K
  class space    used 823K, capacity 858K, committed 896K, reserved 1048576K
Event: 1.839 GC heap after
Heap after GC invocations=2 (full 0):
 PSYoungGen      total 38400K, used 1632K [0x00000000d5700000, 0x00000000d8180000, 0x0000000100000000)
  eden space 33280K, 0% used [0x00000000d5700000,0x00000000d5700000,0x00000000d7780000)
  from space 5120K, 31% used [0x00000000d7c80000,0x00000000d7e18000,0x00000000d8180000)
  to   space 5120K, 0% used [0x00000000d7780000,0x00000000d7780000,0x00000000d7c80000)
 ParOldGen       total 87552K, used 24K [0x0000000080400000, 0x0000000085980000, 0x00000000d5700000)
  object space 87552K, 0% used [0x0000000080400000,0x0000000080406000,0x0000000085980000)
 Metaspace       used 9590K, capacity 9768K, committed 10112K, reserved 1058816K
  class space    used 823K, capacity 858K, committed 896K, reserved 1048576K
}
Event: 2.282 GC heap before
{Heap before GC invocations=3 (full 0):
 PSYoungGen      total 38400K, used 32835K [0x00000000d5700000, 0x00000000d8180000, 0x0000000100000000)
  eden space 33280K, 93% used [0x00000000d5700000,0x00000000d7578e48,0x00000000d7780000)
  from space 5120K, 31% used [0x00000000d7c80000,0x00000000d7e18000,0x00000000d8180000)
  to   space 5120K, 0% used [0x00000000d7780000,0x00000000d7780000,0x00000000d7c80000)
 ParOldGen       total 87552K, used 24K [0x0000000080400000, 0x0000000085980000, 0x00000000d5700000)
  object space 87552K, 0% used [0x0000000080400000,0x0000000080406000,0x0000000085980000)
 Metaspace       used 9590K, capacity 9768K, committed 10112K, reserved 1058816K
  class space    used 823K, capacity 858K, committed 896K, reserved 1048576K
Event: 2.285 GC heap after
Heap after GC invocations=3 (full 0):
 PSYoungGen      total 38400K, used 1616K [0x00000000d5700000, 0x00000000d8180000, 0x0000000100000000)
  eden space 33280K, 0% used [0x00000000d5700000,0x00000000d5700000,0x00000000d7780000)
  from space 5120K, 31% used [0x00000000d7780000,0x00000000d7914140,0x00000000d7c80000)
  to   space 5120K, 0% used [0x00000000d7c80000,0x00000000d7c80000,0x00000000d8180000)
 ParOldGen       total 87552K, used 24K [0x0000000080400000, 0x0000000085980000, 0x00000000d5700000)
  object space 87552K, 0% used [0x0000000080400000,0x0000000080406000,0x0000000085980000)
 Metaspace       used 9590K, capacity 9768K, committed 10112K, reserved 1058816K
  class space    used 823K, capacity 858K, committed 896K, reserved 1048576K
}
Event: 2.956 GC heap before
{Heap before GC invocations=4 (full 0):
 PSYoungGen      total 38400K, used 34896K [0x00000000d5700000, 0x00000000d8180000, 0x0000000100000000)
  eden space 33280K, 100% used [0x00000000d5700000,0x00000000d7780000,0x00000000d7780000)
  from space 5120K, 31% used [0x00000000d7780000,0x00000000d7914140,0x00000000d7c80000)
  to   space 5120K, 0% used [0x00000000d7c80000,0x00000000d7c80000,0x00000000d8180000)
 ParOldGen       total 87552K, used 24K [0x0000000080400000, 0x0000000085980000, 0x00000000d5700000)
  object space 87552K, 0% used [0x0000000080400000,0x0000000080406000,0x0000000085980000)
 Metaspace       used 9628K, capacity 9768K, committed 10112K, reserved 1058816K
  class space    used 826K, capacity 858K, committed 896K, reserved 1048576K
Event: 2.961 GC heap after
Heap after GC invocations=4 (full 0):
 PSYoungGen      total 38400K, used 2432K [0x00000000d5700000, 0x00000000d8180000, 0x0000000100000000)
  eden space 33280K, 0% used [0x00000000d5700000,0x00000000d5700000,0x00000000d7780000)
  from space 5120K, 47% used [0x00000000d7c80000,0x00000000d7ee0150,0x00000000d8180000)
  to   space 5120K, 0% used [0x00000000d7780000,0x00000000d7780000,0x00000000d7c80000)
 ParOldGen       total 87552K, used 32K [0x0000000080400000, 0x0000000085980000, 0x00000000d5700000)
  object space 87552K, 0% used [0x0000000080400000,0x0000000080408000,0x0000000085980000)
 Metaspace       used 9628K, capacity 9768K, committed 10112K, reserved 1058816K
  class space    used 826K, capacity 858K, committed 896K, reserved 1048576K
}
Event: 3.070 GC heap before
{Heap before GC invocations=5 (full 0):
 PSYoungGen      total 38400K, used 35712K [0x00000000d5700000, 0x00000000d8180000, 0x0000000100000000)
  eden space 33280K, 100% used [0x00000000d5700000,0x00000000d7780000,0x00000000d7780000)
  from space 5120K, 47% used [0x00000000d7c80000,0x00000000d7ee0150,0x00000000d8180000)
  to   space 5120K, 0% used [0x00000000d7780000,0x00000000d7780000,0x00000000d7c80000)
 ParOldGen       total 87552K, used 32K [0x0000000080400000, 0x0000000085980000, 0x00000000d5700000)
  object space 87552K, 0% used [0x0000000080400000,0x0000000080408000,0x0000000085980000)
 Metaspace       used 9635K, capacity 9768K, committed 10112K, reserved 1058816K
  class space    used 826K, capacity 858K, committed 896K, reserved 1048576K
Event: 3.102 GC heap after
Heap after GC invocations=5 (full 0):
 PSYoungGen      total 38400K, used 5093K [0x00000000d5700000, 0x00000000db300000, 0x0000000100000000)
  eden space 33280K, 0% used [0x00000000d5700000,0x00000000d5700000,0x00000000d7780000)
  from space 5120K, 99% used [0x00000000d7780000,0x00000000d7c79788,0x00000000d7c80000)
  to   space 13824K, 0% used [0x00000000da580000,0x00000000da580000,0x00000000db300000)
 ParOldGen       total 87552K, used 12207K [0x0000000080400000, 0x0000000085980000, 0x00000000d5700000)
  object space 87552K, 13% used [0x0000000080400000,0x0000000080febd10,0x0000000085980000)
 Metaspace       used 9635K, capacity 9768K, committed 10112K, reserved 1058816K
  class space    used 826K, capacity 858K, committed 896K, reserved 1048576K
}

